# JRE version: Java(TM) SE Runtime Environment (8.0_172-b11) (build 1.8.0_172-b11)
# Java VM: Java HotSpot(TM) 64-Bit Server VM (25.172-b11 mixed mode windows-amd64 compressed oops)
Heap:
 PSYoungGen      total 248832K, used 62874K [0x00000000d5c00000, 0x00000000ebd80000, 0x0000000100000000)
  eden space 227328K, 19% used [0x00000000d5c00000,0x00000000d885af40,0x00000000e3a00000)
  from space 21504K, 81% used [0x00000000e3a00000,0x00000000e4b0bb30,0x00000000e4f00000)
  to   space 23040K, 0% used [0x00000000ea700000,0x00000000ea700000,0x00000000ebd80000)
 ParOldGen       total 158720K, used 75134K [0x0000000081400000, 0x000000008af00000, 0x00000000d5c00000)
  object space 158720K, 47% used [0x0000000081400000,0x0000000085d5fa20,0x000000008af00000)
 Metaspace       used 25348K, capacity 26114K, committed 26240K, reserved 1073152K
  class space    used 2876K, capacity 3125K, committed 3200K, reserved 1048576K
GC Heap History (10 events):
Event: 56.177 GC heap before
{Heap before GC invocations=11 (full 1):
 PSYoungGen      total 146432K, used 132096K [0x00000000d5c00000, 0x00000000e4580000, 0x0000000100000000)
  eden space 132096K, 100% used [0x00000000d5c00000,0x00000000ddd00000,0x00000000ddd00000)
  from space 14336K, 0% used [0x00000000ddd00000,0x00000000ddd00000,0x00000000deb00000)
  to   space 13824K, 0% used [0x00000000e3800000,0x00000000e3800000,0x00000000e4580000)
 ParOldGen       total 77312K, used 23086K [0x0000000081400000, 0x0000000085f80000, 0x00000000d5c00000)
  object space 77312K, 29% used [0x0000000081400000,0x0000000082a8bb20,0x0000000085f80000)
 Metaspace       used 22728K, capacity 23280K, committed 23424K, reserved 1069056K
  class space    used 2638K, capacity 2828K, committed 2944K, reserved 1048576K
Event: 56.200 GC heap after
Heap after GC invocations=11 (full 1):
 PSYoungGen      total 185344K, used 13803K [0x00000000d5c00000, 0x00000000e4580000, 0x0000000100000000)
  eden space 171520K, 0% used [0x00000000d5c00000,0x00000000d5c00000,0x00000000e0380000)
  from space 13824K, 99% used [0x00000000e3800000,0x00000000e457ae80,0x00000000e4580000)
  to   space 22016K, 0% used [0x00000000e1a80000,0x00000000e1a80000,0x00000000e3000000)
 ParOldGen       total 77312K, used 41687K [0x0000000081400000, 0x0000000085f80000, 0x00000000d5c00000)
  object space 77312K, 53% used [0x0000000081400000,0x0000000083cb5ef8,0x0000000085f80000)
 Metaspace       used 22728K, capacity 23280K, committed 23424K, reserved 1069056K
  class space    used 2638K, capacity 2828K, committed 2944K, reserved 1048576K
}
Event: 59.937 GC heap before
{Heap before GC invocations=12 (full 1):
 PSYoungGen      total 185344K, used 185323K [0x00000000d5c00000, 0x00000000e4580000, 0x0000000100000000)
  eden space 171520K, 100% used [0x00000000d5c00000,0x00000000e0380000,0x00000000e0380000)
  from space 13824K, 99% used [0x00000000e3800000,0x00000000e457ae80,0x00000000e4580000)
  to   space 22016K, 0% used [0x00000000e1a80000,0x00000000e1a80000,0x00000000e3000000)
 ParOldGen       total 77312K, used 41687K [0x0000000081400000, 0x0000000085f80000, 0x00000000d5c00000)
  object space 77312K, 53% used [0x0000000081400000,0x0000000083cb5ef8,0x0000000085f80000)
 Metaspace       used 24817K, capacity 25530K, committed 25600K, reserved 1071104K
  class space    used 2826K, capacity 3065K, committed 3072K, reserved 1048576K
Event: 59.991 GC heap after
Heap after GC invocations=12 (full 1):
 PSYoungGen      total 217088K, used 14903K [0x00000000d5c00000, 0x00000000e6500000, 0x0000000100000000)
  eden space 195072K, 0% used [0x00000000d5c00000,0x00000000d5c00000,0x00000000e1a80000)
  from space 22016K, 67% used [0x00000000e1a80000,0x00000000e290dd70,0x00000000e3000000)
  to   space 22528K, 0% used [0x00000000e4f00000,0x00000000e4f00000,0x00000000e6500000)
 ParOldGen       total 77312K, used 55455K [0x0000000081400000, 0x0000000085f80000, 0x00000000d5c00000)
  object space 77312K, 71% used [0x0000000081400000,0x0000000084a27f48,0x0000000085f80000)
 Metaspace       used 24817K, capacity 25530K, committed 25600K, reserved 1071104K
  class space    used 2826K, capacity 3065K, committed 3072K, reserved 1048576K
}
Event: 60.631 GC heap before
{Heap before GC invocations=13 (full 1):
 PSYoungGen      total 217088K, used 209975K [0x00000000d5c00000, 0x00000000e6500000, 0x0000000100000000)
  eden space 195072K, 100% used [0x00000000d5c00000,0x00000000e1a80000,0x00000000e1a80000)
  from space 22016K, 67% used [0x00000000e1a80000,0x00000000e290dd70,0x00000000e3000000)
  to   space 22528K, 0% used [0x00000000e4f00000,0x00000000e4f00000,0x00000000e6500000)
 ParOldGen       total 77312K, used 55455K [0x0000000081400000, 0x0000000085f80000, 0x00000000d5c00000)
  object space 77312K, 71% used [0x0000000081400000,0x0000000084a27f48,0x0000000085f80000)
 Metaspace       used 24832K, capacity 25530K, committed 25600K, reserved 1071104K
  class space    used 2827K, capacity 3065K, committed 3072K, reserved 1048576K
Event: 60.649 GC heap after
Heap after GC invocations=13 (full 1):
 PSYoungGen      total 249856K, used 9808K [0x00000000d5c00000, 0x00000000e8b00000, 0x0000000100000000)
  eden space 227328K, 0% used [0x00000000d5c00000,0x00000000d5c00000,0x00000000e3a00000)
  from space 22528K, 43% used [0x00000000e4f00000,0x00000000e5894210,0x00000000e6500000)
  to   space 21504K, 0% used [0x00000000e3a00000,0x00000000e3a00000,0x00000000e4f00000)
 ParOldGen       total 77312K, used 66801K [0x0000000081400000, 0x0000000085f80000, 0x00000000d5c00000)
  object space 77312K, 86% used [0x0000000081400000,0x000000008553c500,0x0000000085f80000)
 Metaspace       used 24832K, capacity 25530K, committed 25600K, reserved 1071104K
  class space    used 2827K, capacity 3065K, committed 3072K, reserved 1048576K
}
Event: 60.649 GC heap before
{Heap before GC invocations=14 (full 2):
 PSYoungGen      total 249856K, used 9808K [0x00000000d5c00000, 0x00000000e8b00000, 0x0000000100000000)
  eden space 227328K, 0% used [0x00000000d5c00000,0x00000000d5c00000,0x00000000e3a00000)
  from space 22528K, 43% used [0x00000000e4f00000,0x00000000e5894210,0x00000000e6500000)
  to   space 21504K, 0% used [0x00000000e3a00000,0x00000000e3a00000,0x00000000e4f00000)
 ParOldGen       total 77312K, used 66801K [0x0000000081400000, 0x0000000085f80000, 0x00000000d5c00000)
  object space 77312K, 86% used [0x0000000081400000,0x000000008553c500,0x0000000085f80000)
 Metaspace       used 24832K, capacity 25530K, committed 25600K, reserved 1071104K
  class space    used 2827K, capacity 3065K, committed 3072K, reserved 1048576K
Event: 60.963 GC heap after
Heap after GC invocations=14 (full 2):
 PSYoungGen      total 249856K, used 0K [0x00000000d5c00000, 0x00000000e8b00000, 0x0000000100000000)
  eden space 227328K, 0% used [0x00000000d5c00000,0x00000000d5c00000,0x00000000e3a00000)
  from space 22528K, 0% used [0x00000000e4f00000,0x00000000e4f00000,0x00000000e6500000)
  to   space 21504K, 0% used [0x00000000e3a00000,0x00000000e3a00000,0x00000000e4f00000)
 ParOldGen       total 158720K, used 75126K [0x0000000081400000, 0x000000008af00000, 0x00000000d5c00000)
  object space 158720K, 47% used [0x0000000081400000,0x0000000085d5da20,0x000000008af00000)
 Metaspace       used 24832K, capacity 25530K, committed 25600K, reserved 1071104K
  class space    used 2827K, capacity 3065K, committed 3072K, reserved 1048576K
}
Event: 61.675 GC heap before
{Heap before GC invocations=15 (full 2):
 PSYoungGen      total 249856K, used 227328K [0x00000000d5c00000, 0x00000000e8b00000, 0x0000000100000000)
  eden space 227328K, 100% used [0x00000000d5c00000,0x00000000e3a00000,0x00000000e3a00000)
  from space 22528K, 0% used [0x00000000e4f00000,0x00000000e4f00000,0x00000000e6500000)
  to   space 21504K, 0% used [0x00000000e3a00000,0x00000000e3a00000,0x00000000e4f00000)
 ParOldGen       total 158720K, used 75126K [0x0000000081400000, 0x000000008af00000, 0x00000000d5c00000)
  object space 158720K, 47% used [0x0000000081400000,0x0000000085d5da20,0x000000008af00000)
 Metaspace       used 25310K, capacity 26102K, committed 26240K, reserved 1073152K
  class space    used 2875K, capacity 3123K, committed 3200K, reserved 1048576K
Event: 61.704 GC heap after
Heap after GC invocations=15 (full 2):
 PSYoungGen      total 248832K, used 17454K [0x00000000d5c00000, 0x00000000ebd80000, 0x0000000100000000)
  eden space 227328K, 0% used [0x00000000d5c00000,0x00000000d5c00000,0x00000000e3a00000)
  from space 21504K, 81% used [0x00000000e3a00000,0x00000000e4b0bb30,0x00000000e4f00000)
  to   space 23040K, 0% used [0x00000000ea700000,0x00000000ea700000,0x00000000ebd80000)
 ParOldGen       total 158720K, used 75134K [0x0000000081400000, 0x000000008af00000, 0x00000000d5c00000)
  object space 158720K, 47% used [0x0000000081400000,0x0000000085d5fa20,0x000000008af00000)
 Metaspace       used 25310K, capacity 26102K, committed 26240K, reserved 1073152K
  class space    used 2875K, capacity 3123K, committed 3200K, reserved 1048576K
}

