# JRE version: Java(TM) SE Runtime Environment (8.0_172-b11) (build 1.8.0_172-b11)
# Java VM: Java HotSpot(TM) 64-Bit Server VM (25.172-b11 mixed mode windows-amd64 compressed oops)
Heap:
 PSYoungGen      total 367616K, used 98668K [0x00000000d5c00000, 0x00000000eeb80000, 0x0000000100000000)
  eden space 349696K, 26% used [0x00000000d5c00000,0x00000000db59c9e0,0x00000000eb180000)
  from space 17920K, 38% used [0x00000000eda00000,0x00000000ee0be740,0x00000000eeb80000)
  to   space 20992K, 0% used [0x00000000ec280000,0x00000000ec280000,0x00000000ed700000)
 ParOldGen       total 118784K, used 49715K [0x0000000081400000, 0x0000000088800000, 0x00000000d5c00000)
  object space 118784K, 41% used [0x0000000081400000,0x000000008448ce30,0x0000000088800000)
 Metaspace       used 62438K, capacity 64648K, committed 64984K, reserved 1105920K
  class space    used 8138K, capacity 8579K, committed 8704K, reserved 1048576K
GC Heap History (10 events):
Event: 19.770 GC heap before
{Heap before GC invocations=11 (full 2):
 PSYoungGen      total 259072K, used 13792K [0x00000000d5c00000, 0x00000000eeb80000, 0x0000000100000000)
  eden space 245248K, 0% used [0x00000000d5c00000,0x00000000d5c00000,0x00000000e4b80000)
  from space 13824K, 99% used [0x00000000e4b80000,0x00000000e58f8020,0x00000000e5900000)
  to   space 17920K, 0% used [0x00000000eda00000,0x00000000eda00000,0x00000000eeb80000)
 ParOldGen       total 46592K, used 14907K [0x0000000081400000, 0x0000000084180000, 0x00000000d5c00000)
  object space 46592K, 31% used [0x0000000081400000,0x000000008228ee90,0x0000000084180000)
 Metaspace       used 33853K, capacity 35426K, committed 35456K, reserved 1079296K
  class space    used 4370K, capacity 4730K, committed 4736K, reserved 1048576K
Event: 19.836 GC heap after
Heap after GC invocations=11 (full 2):
 PSYoungGen      total 259072K, used 0K [0x00000000d5c00000, 0x00000000eeb80000, 0x0000000100000000)
  eden space 245248K, 0% used [0x00000000d5c00000,0x00000000d5c00000,0x00000000e4b80000)
  from space 13824K, 0% used [0x00000000e4b80000,0x00000000e4b80000,0x00000000e5900000)
  to   space 17920K, 0% used [0x00000000eda00000,0x00000000eda00000,0x00000000eeb80000)
 ParOldGen       total 76288K, used 23506K [0x0000000081400000, 0x0000000085e80000, 0x00000000d5c00000)
  object space 76288K, 30% used [0x0000000081400000,0x0000000082af4ac8,0x0000000085e80000)
 Metaspace       used 33853K, capacity 35426K, committed 35456K, reserved 1079296K
  class space    used 4370K, capacity 4730K, committed 4736K, reserved 1048576K
}
Event: 24.136 GC heap before
{Heap before GC invocations=12 (full 2):
 PSYoungGen      total 259072K, used 245248K [0x00000000d5c00000, 0x00000000eeb80000, 0x0000000100000000)
  eden space 245248K, 100% used [0x00000000d5c00000,0x00000000e4b80000,0x00000000e4b80000)
  from space 13824K, 0% used [0x00000000e4b80000,0x00000000e4b80000,0x00000000e5900000)
  to   space 17920K, 0% used [0x00000000eda00000,0x00000000eda00000,0x00000000eeb80000)
 ParOldGen       total 76288K, used 23506K [0x0000000081400000, 0x0000000085e80000, 0x00000000d5c00000)
  object space 76288K, 30% used [0x0000000081400000,0x0000000082af4ac8,0x0000000085e80000)
 Metaspace       used 45811K, capacity 47750K, committed 48128K, reserved 1091584K
  class space    used 5913K, capacity 6326K, committed 6400K, reserved 1048576K
Event: 24.153 GC heap after
Heap after GC invocations=12 (full 2):
 PSYoungGen      total 367616K, used 17896K [0x00000000d5c00000, 0x00000000eeb80000, 0x0000000100000000)
  eden space 349696K, 0% used [0x00000000d5c00000,0x00000000d5c00000,0x00000000eb180000)
  from space 17920K, 99% used [0x00000000eda00000,0x00000000eeb7a110,0x00000000eeb80000)
  to   space 20992K, 0% used [0x00000000ec280000,0x00000000ec280000,0x00000000ed700000)
 ParOldGen       total 76288K, used 25416K [0x0000000081400000, 0x0000000085e80000, 0x00000000d5c00000)
  object space 76288K, 33% used [0x0000000081400000,0x0000000082cd21a0,0x0000000085e80000)
 Metaspace       used 45811K, capacity 47750K, committed 48128K, reserved 1091584K
  class space    used 5913K, capacity 6326K, committed 6400K, reserved 1048576K
}
Event: 30.407 GC heap before
{Heap before GC invocations=13 (full 2):
 PSYoungGen      total 367616K, used 346609K [0x00000000d5c00000, 0x00000000eeb80000, 0x0000000100000000)
  eden space 349696K, 93% used [0x00000000d5c00000,0x00000000e9d02408,0x00000000eb180000)
  from space 17920K, 99% used [0x00000000eda00000,0x00000000eeb7a110,0x00000000eeb80000)
  to   space 20992K, 0% used [0x00000000ec280000,0x00000000ec280000,0x00000000ed700000)
 ParOldGen       total 76288K, used 25416K [0x0000000081400000, 0x0000000085e80000, 0x00000000d5c00000)
  object space 76288K, 33% used [0x0000000081400000,0x0000000082cd21a0,0x0000000085e80000)
 Metaspace       used 56819K, capacity 58938K, committed 59096K, reserved 1099776K
  class space    used 7523K, capacity 7908K, committed 7936K, reserved 1048576K
Event: 30.431 GC heap after
Heap after GC invocations=13 (full 2):
 PSYoungGen      total 370688K, used 18228K [0x00000000d5c00000, 0x00000000eeb80000, 0x0000000100000000)
  eden space 349696K, 0% used [0x00000000d5c00000,0x00000000d5c00000,0x00000000eb180000)
  from space 20992K, 86% used [0x00000000ec280000,0x00000000ed44d0d8,0x00000000ed700000)
  to   space 17920K, 0% used [0x00000000eda00000,0x00000000eda00000,0x00000000eeb80000)
 ParOldGen       total 76288K, used 37338K [0x0000000081400000, 0x0000000085e80000, 0x00000000d5c00000)
  object space 76288K, 48% used [0x0000000081400000,0x00000000838769e8,0x0000000085e80000)
 Metaspace       used 56819K, capacity 58938K, committed 59096K, reserved 1099776K
  class space    used 7523K, capacity 7908K, committed 7936K, reserved 1048576K
}
Event: 30.431 GC heap before
{Heap before GC invocations=14 (full 3):
 PSYoungGen      total 370688K, used 18228K [0x00000000d5c00000, 0x00000000eeb80000, 0x0000000100000000)
  eden space 349696K, 0% used [0x00000000d5c00000,0x00000000d5c00000,0x00000000eb180000)
  from space 20992K, 86% used [0x00000000ec280000,0x00000000ed44d0d8,0x00000000ed700000)
  to   space 17920K, 0% used [0x00000000eda00000,0x00000000eda00000,0x00000000eeb80000)
 ParOldGen       total 76288K, used 37338K [0x0000000081400000, 0x0000000085e80000, 0x00000000d5c00000)
  object space 76288K, 48% used [0x0000000081400000,0x00000000838769e8,0x0000000085e80000)
 Metaspace       used 56819K, capacity 58938K, committed 59096K, reserved 1099776K
  class space    used 7523K, capacity 7908K, committed 7936K, reserved 1048576K
Event: 30.589 GC heap after
Heap after GC invocations=14 (full 3):
 PSYoungGen      total 370688K, used 0K [0x00000000d5c00000, 0x00000000eeb80000, 0x0000000100000000)
  eden space 349696K, 0% used [0x00000000d5c00000,0x00000000d5c00000,0x00000000eb180000)
  from space 20992K, 0% used [0x00000000ec280000,0x00000000ec280000,0x00000000ed700000)
  to   space 17920K, 0% used [0x00000000eda00000,0x00000000eda00000,0x00000000eeb80000)
 ParOldGen       total 118784K, used 49707K [0x0000000081400000, 0x0000000088800000, 0x00000000d5c00000)
  object space 118784K, 41% used [0x0000000081400000,0x000000008448ae30,0x0000000088800000)
 Metaspace       used 56819K, capacity 58938K, committed 59096K, reserved 1099776K
  class space    used 7523K, capacity 7908K, committed 7936K, reserved 1048576K
}
Event: 32.433 GC heap before
{Heap before GC invocations=15 (full 3):
 PSYoungGen      total 370688K, used 349696K [0x00000000d5c00000, 0x00000000eeb80000, 0x0000000100000000)
  eden space 349696K, 100% used [0x00000000d5c00000,0x00000000eb180000,0x00000000eb180000)
  from space 20992K, 0% used [0x00000000ec280000,0x00000000ec280000,0x00000000ed700000)
  to   space 17920K, 0% used [0x00000000eda00000,0x00000000eda00000,0x00000000eeb80000)
 ParOldGen       total 118784K, used 49707K [0x0000000081400000, 0x0000000088800000, 0x00000000d5c00000)
  object space 118784K, 41% used [0x0000000081400000,0x000000008448ae30,0x0000000088800000)
 Metaspace       used 59912K, capacity 62042K, committed 62296K, reserved 1103872K
  class space    used 7865K, capacity 8272K, committed 8320K, reserved 1048576K
Event: 32.441 GC heap after
Heap after GC invocations=15 (full 3):
 PSYoungGen      total 367616K, used 6905K [0x00000000d5c00000, 0x00000000eeb80000, 0x0000000100000000)
  eden space 349696K, 0% used [0x00000000d5c00000,0x00000000d5c00000,0x00000000eb180000)
  from space 17920K, 38% used [0x00000000eda00000,0x00000000ee0be740,0x00000000eeb80000)
  to   space 20992K, 0% used [0x00000000ec280000,0x00000000ec280000,0x00000000ed700000)
 ParOldGen       total 118784K, used 49715K [0x0000000081400000, 0x0000000088800000, 0x00000000d5c00000)
  object space 118784K, 41% used [0x0000000081400000,0x000000008448ce30,0x0000000088800000)
 Metaspace       used 59912K, capacity 62042K, committed 62296K, reserved 1103872K
  class space    used 7865K, capacity 8272K, committed 8320K, reserved 1048576K
}

